gpasm-1.4.0 #1106 (Oct  6 2014) obj\Debug\Uti   8-18-2018  15:23:26         PAGE  1


LOC    OBJECT CODE    LINE  SOURCE TEXT
  VALUE

                      00001 ;--------------------------------------------------------
                      00002 ; File Created by SDCC : free open source ANSI-C Compiler
                      00003 ; Version 3.5.0 #9253 (Jun 20 2015) (MINGW32)
                      00004 ; This file was generated Sat Aug 18 15:23:26 2018
                      00005 ;--------------------------------------------------------
                      00006 ; PIC port for the 14-bit core
                      00007 ;--------------------------------------------------------
                      00008         .file   "Util.c"
                      00009         list    p=16f877a
                      00010         radix dec
                      00011         include "p16f877a.inc"
                      00001         LIST
                      00002 
                      00003 ;==========================================================================
                      00004 ; Build date : Aug 07 2014
                      00005 ;  MPASM PIC16F877A processor include
                      00006 ; 
                      00007 ;  (c) Copyright 1999-2014 Microchip Technology, All rights reserved
                      00008 ;==========================================================================
                      00009 
                      00567         LIST
                      00012 ;--------------------------------------------------------
                      00013 ; external declarations
                      00014 ;--------------------------------------------------------
  0000                00015         extern  _STATUSbits
  0000                00016         extern  _PORTAbits
  0000                00017         extern  _PORTBbits
  0000                00018         extern  _PORTCbits
  0000                00019         extern  _PORTDbits
  0000                00020         extern  _PORTEbits
  0000                00021         extern  _INTCONbits
  0000                00022         extern  _PIR1bits
  0000                00023         extern  _PIR2bits
  0000                00024         extern  _T1CONbits
  0000                00025         extern  _T2CONbits
  0000                00026         extern  _SSPCONbits
  0000                00027         extern  _CCP1CONbits
  0000                00028         extern  _RCSTAbits
  0000                00029         extern  _CCP2CONbits
  0000                00030         extern  _ADCON0bits
  0000                00031         extern  _OPTION_REGbits
  0000                00032         extern  _TRISAbits
  0000                00033         extern  _TRISBbits
  0000                00034         extern  _TRISCbits
  0000                00035         extern  _TRISDbits
  0000                00036         extern  _TRISEbits
  0000                00037         extern  _PIE1bits
  0000                00038         extern  _PIE2bits
  0000                00039         extern  _PCONbits
  0000                00040         extern  _SSPCON2bits
  0000                00041         extern  _SSPSTATbits
  0000                00042         extern  _TXSTAbits
  0000                00043         extern  _CMCONbits
gpasm-1.4.0 #1106 (Oct  6 2014) obj\Debug\Uti   8-18-2018  15:23:26         PAGE  2


LOC    OBJECT CODE    LINE  SOURCE TEXT
  VALUE

  0000                00044         extern  _CVRCONbits
  0000                00045         extern  _ADCON1bits
  0000                00046         extern  _EECON1bits
  0000                00047         extern  _INDF
  0000                00048         extern  _TMR0
  0000                00049         extern  _PCL
  0000                00050         extern  _STATUS
  0000                00051         extern  _FSR
  0000                00052         extern  _PORTA
  0000                00053         extern  _PORTB
  0000                00054         extern  _PORTC
  0000                00055         extern  _PORTD
  0000                00056         extern  _PORTE
  0000                00057         extern  _PCLATH
  0000                00058         extern  _INTCON
  0000                00059         extern  _PIR1
  0000                00060         extern  _PIR2
  0000                00061         extern  _TMR1
  0000                00062         extern  _TMR1L
  0000                00063         extern  _TMR1H
  0000                00064         extern  _T1CON
  0000                00065         extern  _TMR2
  0000                00066         extern  _T2CON
  0000                00067         extern  _SSPBUF
  0000                00068         extern  _SSPCON
  0000                00069         extern  _CCPR1
  0000                00070         extern  _CCPR1L
  0000                00071         extern  _CCPR1H
  0000                00072         extern  _CCP1CON
  0000                00073         extern  _RCSTA
  0000                00074         extern  _TXREG
  0000                00075         extern  _RCREG
  0000                00076         extern  _CCPR2
  0000                00077         extern  _CCPR2L
  0000                00078         extern  _CCPR2H
  0000                00079         extern  _CCP2CON
  0000                00080         extern  _ADRESH
  0000                00081         extern  _ADCON0
  0000                00082         extern  _OPTION_REG
  0000                00083         extern  _TRISA
  0000                00084         extern  _TRISB
  0000                00085         extern  _TRISC
  0000                00086         extern  _TRISD
  0000                00087         extern  _TRISE
  0000                00088         extern  _PIE1
  0000                00089         extern  _PIE2
  0000                00090         extern  _PCON
  0000                00091         extern  _SSPCON2
  0000                00092         extern  _PR2
  0000                00093         extern  _SSPADD
  0000                00094         extern  _SSPSTAT
  0000                00095         extern  _TXSTA
  0000                00096         extern  _SPBRG
gpasm-1.4.0 #1106 (Oct  6 2014) obj\Debug\Uti   8-18-2018  15:23:26         PAGE  3


LOC    OBJECT CODE    LINE  SOURCE TEXT
  VALUE

  0000                00097         extern  _CMCON
  0000                00098         extern  _CVRCON
  0000                00099         extern  _ADRESL
  0000                00100         extern  _ADCON1
  0000                00101         extern  _EEDATA
  0000                00102         extern  _EEADR
  0000                00103         extern  _EEDATH
  0000                00104         extern  _EEADRH
  0000                00105         extern  _EECON1
  0000                00106         extern  _EECON2
                      00107 
  0000                00108         extern PSAVE
  0000                00109         extern SSAVE
  0000                00110         extern WSAVE
  0000                00111         extern STK12
  0000                00112         extern STK11
  0000                00113         extern STK10
  0000                00114         extern STK09
  0000                00115         extern STK08
  0000                00116         extern STK07
  0000                00117         extern STK06
  0000                00118         extern STK05
  0000                00119         extern STK04
  0000                00120         extern STK03
  0000                00121         extern STK02
  0000                00122         extern STK01
  0000                00123         extern STK00
                      00124 ;--------------------------------------------------------
                      00125 ; global declarations
                      00126 ;--------------------------------------------------------
  0000                00127         global  _Delay_MS
                      00128 
                      00129 ;--------------------------------------------------------
                      00130 ; global definitions
                      00131 ;--------------------------------------------------------
                      00132 ;--------------------------------------------------------
                      00133 ; absolute symbol definitions
                      00134 ;--------------------------------------------------------
                      00135 ;--------------------------------------------------------
                      00136 ; compiler-defined variables
                      00137 ;--------------------------------------------------------
                      00138 UDL_Util_0      udata
0000                  00139 r0x1005 res     1
0001                  00140 r0x1004 res     1
0002                  00141 _Delay_MS_x_1_3 res     2
0004                  00142 _Delay_MS_y_1_3 res     2
                      00143 ;--------------------------------------------------------
                      00144 ; initialized data
                      00145 ;--------------------------------------------------------
                      00146 ;--------------------------------------------------------
                      00147 ; overlayable items in internal ram 
                      00148 ;--------------------------------------------------------
                      00149 ;       udata_ovr
gpasm-1.4.0 #1106 (Oct  6 2014) obj\Debug\Uti   8-18-2018  15:23:26         PAGE  4


LOC    OBJECT CODE    LINE  SOURCE TEXT
  VALUE

                      00150 ;--------------------------------------------------------
                      00151 ; code
                      00152 ;--------------------------------------------------------
                      00153 code_Util       code
                      00154 ;***
                      00155 ;  pBlock Stats: dbName = C
                      00156 ;***
                      00157 ;entry:  _Delay_MS      ;Function start
                      00158 ; 2 exit points
                      00159 ;has an exit
                      00160 ;3 compiler assigned registers:
                      00161 ;   r0x1004
                      00162 ;   STK00
                      00163 ;   r0x1005
                      00164 ;; Starting pCode block
                      00165 ;;; /home/sdcc-builder/build/sdcc-build/orig/sdcc/src/pic14/gen.c:2316:resultRemat *{*
                      00166 ;;; /home/sdcc-builder/build/sdcc-build/orig/sdcc/src/pic14/gen.c:2760:genLabel *{*
                      00167 ;; ***  genLabel  2763
                      00168 ;;; /home/sdcc-builder/build/sdcc-build/orig/sdcc/src/pic14/gen.c:2316:resultRemat *{*
                      00169 ;;; /home/sdcc-builder/build/sdcc-build/orig/sdcc/src/pic14/gen.c:2340:genFunction *{*
                      00170 ;; ***  genFunction  2342 curr label offset=0previous max_key=0 
0000                  00171 _Delay_MS       ;Function start
                      00172 ; 2 exit points
                      00173 ;;; /home/sdcc-builder/build/sdcc-build/orig/sdcc/src/pic14/gen.c:2316:resultRemat *{*
                      00174 ;;; /home/sdcc-builder/build/sdcc-build/orig/sdcc/src/pic14/gen.c:7358:genReceive *{*
                      00175 ;; ***  genReceive  7359
                      00176 ;;      694 register type nRegs=2
                      00177 ;;; /home/sdcc-builder/build/sdcc-build/orig/sdcc/src/pic14/gen.c:1907:assignResultValue *{*
                      00178 ;; ***  assignResultValue  1909
                      00179 ;;      line = 1911 result -=-, size=0, left AOP_REG=r0x104A, size=2, right -=-, size=0
                      00180 ;; >>> /home/sdcc-builder/build/sdcc-build/orig/sdcc/src/pic14/gen.c:1393:movwf
                      00181 ;;      1109 rIdx = r0x104B 
                      00182         .line   4; "Util.c"     void Delay_MS(tWord delay)
0000   ???? ????      00183         BANKSEL r0x1004
0002   00??           00184         MOVWF   r0x1004
                      00185 ;; >>> /home/sdcc-builder/build/sdcc-build/orig/sdcc/src/pic14/gen.c:1423:get_returnvalue
                      00186 ;; ***  popRegFromIdx,1042  , rIdx=0x7f
0003   08??           00187         MOVF    STK00,W
                      00188 ;; >>> /home/sdcc-builder/build/sdcc-build/orig/sdcc/src/pic14/gen.c:1393:movwf
                      00189 ;;      1109 rIdx = r0x104A 
0004   00??           00190         MOVWF   r0x1005
                      00191 ;;; /home/sdcc-builder/build/sdcc-build/orig/sdcc/src/pic14/gen.c:2316:resultRemat *{*
                      00192 ;;; /home/sdcc-builder/build/sdcc-build/orig/sdcc/src/pic14/gen.c:6927:genAssign *{*
                      00193 ;; ***  genAssign  6928
                      00194 ;; ***  aopForSym 315
                      00195 ;;      327 sym->rname = _Delay_MS_x_1_3, size = 2
                      00196 ;;      line = 6937 result AOP_DIR=_Delay_MS_x_1_3, size=2, left -=-, size=0, right AOP_LIT=0x00, size=2
                      00197 ;; ***  genAssign  7023
                      00198 ;; >>> /home/sdcc-builder/build/sdcc-build/orig/sdcc/src/pic14/gen.c:7035:genAssign
                      00199 ;;      1009
                      00200 ;;      1028  _Delay_MS_x_1_3   offset=0
                      00201         .line   9; "Util.c"     for (x = 0; x <= delay; x++){
0005   ???? ????      00202         BANKSEL _Delay_MS_x_1_3
gpasm-1.4.0 #1106 (Oct  6 2014) obj\Debug\Uti   8-18-2018  15:23:26         PAGE  5


LOC    OBJECT CODE    LINE  SOURCE TEXT
  VALUE

0007   01??           00203         CLRF    _Delay_MS_x_1_3
                      00204 ;; ***  genAssign  7023
                      00205 ;; >>> /home/sdcc-builder/build/sdcc-build/orig/sdcc/src/pic14/gen.c:7035:genAssign
                      00206 ;;      1009
                      00207 ;;      1028  _Delay_MS_x_1_3   offset=1
0008   01??           00208         CLRF    (_Delay_MS_x_1_3 + 1)
                      00209 ;;; /home/sdcc-builder/build/sdcc-build/orig/sdcc/src/pic14/gen.c:2316:resultRemat *{*
                      00210 ;;; /home/sdcc-builder/build/sdcc-build/orig/sdcc/src/pic14/gen.c:2760:genLabel *{*
                      00211 ;; ***  genLabel  2763
                      00212 ;;; /home/sdcc-builder/build/sdcc-build/orig/sdcc/src/pic14/gen.c:2316:resultRemat *{*
                      00213 ;;; /home/sdcc-builder/build/sdcc-build/orig/sdcc/src/pic14/gen.c:3547:genCmpGt *{*
                      00214 ;; ***  genCmpGt  3548
                      00215 ;; ***  aopForSym 315
                      00216 ;;      327 sym->rname = _Delay_MS_x_1_3, size = 2
                      00217 ;;      694 register type nRegs=2
                      00218 ;;; /home/sdcc-builder/build/sdcc-build/orig/sdcc/src/pic14/gen.c:3294:genCmp *{*
                      00219 ;; >>> /home/sdcc-builder/build/sdcc-build/orig/sdcc/src/pic14/gen.c:3269:pic14_mov2w_regOrLit
                      00220 ;;      1009
                      00221 ;;      1028  _Delay_MS_x_1_3   offset=1
0009                  00222 _00111_DS_
0009   ???? ????      00223         BANKSEL _Delay_MS_x_1_3
000B   08??           00224         MOVF    (_Delay_MS_x_1_3 + 1),W
                      00225 ;; >>> /home/sdcc-builder/build/sdcc-build/orig/sdcc/src/pic14/gen.c:3432:genCmp
                      00226 ;;      1109 rIdx = r0x104B 
000C   ???? ????      00227         BANKSEL r0x1004
000E   02??           00228         SUBWF   r0x1004,W
                      00229 ;; >>> /home/sdcc-builder/build/sdcc-build/orig/sdcc/src/pic14/gen.c:3477:genCmp
000F   1D03           00230         BTFSS   STATUS,2
                      00231 ;; >>> /home/sdcc-builder/build/sdcc-build/orig/sdcc/src/pic14/gen.c:3478:genCmp
                      00232 ;; ***  popGetLabel  key=23, label offset 4
0010   2???           00233         GOTO    _00127_DS_
                      00234 ;; >>> /home/sdcc-builder/build/sdcc-build/orig/sdcc/src/pic14/gen.c:3269:pic14_mov2w_regOrLit
                      00235 ;;      1009
                      00236 ;;      1028  _Delay_MS_x_1_3   offset=0
0011   ???? ????      00237         BANKSEL _Delay_MS_x_1_3
0013   08??           00238         MOVF    _Delay_MS_x_1_3,W
                      00239 ;; >>> /home/sdcc-builder/build/sdcc-build/orig/sdcc/src/pic14/gen.c:3480:genCmp
                      00240 ;;      1109 rIdx = r0x104A 
0014   ???? ????      00241         BANKSEL r0x1005
0016   02??           00242         SUBWF   r0x1005,W
                      00243 ;;; /home/sdcc-builder/build/sdcc-build/orig/sdcc/src/pic14/gen.c:3237:genSkipc *{*
                      00244 ;; >>> /home/sdcc-builder/build/sdcc-build/orig/sdcc/src/pic14/gen.c:3244:genSkipc
0017                  00245 _00127_DS_
0017   1C03           00246         BTFSS   STATUS,0
                      00247 ;; >>> /home/sdcc-builder/build/sdcc-build/orig/sdcc/src/pic14/gen.c:3246:genSkipc
                      00248 ;; ***  popGetLabel  key=9, label offset 4
0018   2???           00249         GOTO    _00113_DS_
                      00250 ;;genSkipc:3247: created from rifx:027A5E04
                      00251 ;;; /home/sdcc-builder/build/sdcc-build/orig/sdcc/src/pic14/gen.c:2316:resultRemat *{*
                      00252 ;;; /home/sdcc-builder/build/sdcc-build/orig/sdcc/src/pic14/gen.c:2316:resultRemat *{*
                      00253 ;;; /home/sdcc-builder/build/sdcc-build/orig/sdcc/src/pic14/gen.c:6927:genAssign *{*
                      00254 ;; ***  genAssign  6928
                      00255 ;; ***  aopForSym 315
gpasm-1.4.0 #1106 (Oct  6 2014) obj\Debug\Uti   8-18-2018  15:23:26         PAGE  6


LOC    OBJECT CODE    LINE  SOURCE TEXT
  VALUE

                      00256 ;;      327 sym->rname = _Delay_MS_y_1_3, size = 2
                      00257 ;;      line = 6937 result AOP_DIR=_Delay_MS_y_1_3, size=2, left -=-, size=0, right AOP_LIT=0x00, size=2
                      00258 ;; ***  genAssign  7023
                      00259 ;; >>> /home/sdcc-builder/build/sdcc-build/orig/sdcc/src/pic14/gen.c:7035:genAssign
                      00260 ;;      1009
                      00261 ;;      1028  _Delay_MS_y_1_3   offset=0
                      00262         .line   10; "Util.c"    for (y = 0; y <= 120; y++);
0019   ???? ????      00263         BANKSEL _Delay_MS_y_1_3
001B   01??           00264         CLRF    _Delay_MS_y_1_3
                      00265 ;; ***  genAssign  7023
                      00266 ;; >>> /home/sdcc-builder/build/sdcc-build/orig/sdcc/src/pic14/gen.c:7035:genAssign
                      00267 ;;      1009
                      00268 ;;      1028  _Delay_MS_y_1_3   offset=1
001C   01??           00269         CLRF    (_Delay_MS_y_1_3 + 1)
                      00270 ;;; /home/sdcc-builder/build/sdcc-build/orig/sdcc/src/pic14/gen.c:2316:resultRemat *{*
                      00271 ;;; /home/sdcc-builder/build/sdcc-build/orig/sdcc/src/pic14/gen.c:2760:genLabel *{*
                      00272 ;; ***  genLabel  2763
                      00273 ;;; /home/sdcc-builder/build/sdcc-build/orig/sdcc/src/pic14/gen.c:2316:resultRemat *{*
                      00274 ;;; /home/sdcc-builder/build/sdcc-build/orig/sdcc/src/pic14/gen.c:3547:genCmpGt *{*
                      00275 ;; ***  genCmpGt  3548
                      00276 ;; ***  aopForSym 315
                      00277 ;;      327 sym->rname = _Delay_MS_y_1_3, size = 2
                      00278 ;;; /home/sdcc-builder/build/sdcc-build/orig/sdcc/src/pic14/gen.c:3294:genCmp *{*
                      00279 ;;swapping arguments (AOP_TYPEs 1/3)
                      00280 ;;unsigned compare: left >= lit(0x79=121), size=2
                      00281 ;; >>> /home/sdcc-builder/build/sdcc-build/orig/sdcc/src/pic14/gen.c:3265:pic14_mov2w_regOrLit
001D                  00282 _00108_DS_
001D   3000           00283         MOVLW   0x00
                      00284 ;; >>> /home/sdcc-builder/build/sdcc-build/orig/sdcc/src/pic14/gen.c:3432:genCmp
                      00285 ;;      1009
                      00286 ;;      1028  _Delay_MS_y_1_3   offset=1
001E   ???? ????      00287         BANKSEL _Delay_MS_y_1_3
0020   02??           00288         SUBWF   (_Delay_MS_y_1_3 + 1),W
                      00289 ;; >>> /home/sdcc-builder/build/sdcc-build/orig/sdcc/src/pic14/gen.c:3477:genCmp
0021   1D03           00290         BTFSS   STATUS,2
                      00291 ;; >>> /home/sdcc-builder/build/sdcc-build/orig/sdcc/src/pic14/gen.c:3478:genCmp
                      00292 ;; ***  popGetLabel  key=24, label offset 4
0022   2???           00293         GOTO    _00128_DS_
                      00294 ;; >>> /home/sdcc-builder/build/sdcc-build/orig/sdcc/src/pic14/gen.c:3265:pic14_mov2w_regOrLit
0023   3079           00295         MOVLW   0x79
                      00296 ;; >>> /home/sdcc-builder/build/sdcc-build/orig/sdcc/src/pic14/gen.c:3480:genCmp
                      00297 ;;      1009
                      00298 ;;      1028  _Delay_MS_y_1_3   offset=0
0024   02??           00299         SUBWF   _Delay_MS_y_1_3,W
                      00300 ;;; /home/sdcc-builder/build/sdcc-build/orig/sdcc/src/pic14/gen.c:3237:genSkipc *{*
                      00301 ;; >>> /home/sdcc-builder/build/sdcc-build/orig/sdcc/src/pic14/gen.c:3242:genSkipc
0025                  00302 _00128_DS_
0025   1803           00303         BTFSC   STATUS,0
                      00304 ;; >>> /home/sdcc-builder/build/sdcc-build/orig/sdcc/src/pic14/gen.c:3246:genSkipc
                      00305 ;; ***  popGetLabel  key=8, label offset 4
0026   2???           00306         GOTO    _00112_DS_
                      00307 ;;genSkipc:3247: created from rifx:027A5E04
                      00308 ;;; /home/sdcc-builder/build/sdcc-build/orig/sdcc/src/pic14/gen.c:2316:resultRemat *{*
gpasm-1.4.0 #1106 (Oct  6 2014) obj\Debug\Uti   8-18-2018  15:23:26         PAGE  7


LOC    OBJECT CODE    LINE  SOURCE TEXT
  VALUE

                      00309 ;;; /home/sdcc-builder/build/sdcc-build/orig/sdcc/src/pic14/gen.c:2316:resultRemat *{*
                      00310 ;; ***  genPlus  611
                      00311 ;;; /home/sdcc-builder/build/sdcc-build/orig/sdcc/src/pic14/genarith.c:612:genPlus *{*
                      00312 ;; ***  aopForSym 315
                      00313 ;;      327 sym->rname = _Delay_MS_y_1_3, size = 2
                      00314 ;;      line = 618 result AOP_DIR=_Delay_MS_y_1_3, size=2, left AOP_DIR=_Delay_MS_y_1_3, size=2, right A
                            OP_LIT=0x01, size=1
                      00315 ;;; /home/sdcc-builder/build/sdcc-build/orig/sdcc/src/pic14/genarith.c:142:genPlusIncr *{*
                      00316 ;; ***  genPlusIncr  144
                      00317 ;;      result AOP_DIR, left AOP_DIR, right AOP_LIT
                      00318 ;;      genPlusIncr  156
                      00319 ;; >>> /home/sdcc-builder/build/sdcc-build/orig/sdcc/src/pic14/genarith.c:168:genPlusIncr
                      00320 ;;      1009
                      00321 ;;      1028  _Delay_MS_y_1_3   offset=0
0027   ???? ????      00322         BANKSEL _Delay_MS_y_1_3
0029   0A??           00323         INCF    _Delay_MS_y_1_3,F
                      00324 ;; >>> /home/sdcc-builder/build/sdcc-build/orig/sdcc/src/pic14/genarith.c:172:genPlusIncr
002A   1903           00325         BTFSC   STATUS,2
                      00326 ;; >>> /home/sdcc-builder/build/sdcc-build/orig/sdcc/src/pic14/genarith.c:173:genPlusIncr
                      00327 ;;      1009
                      00328 ;;      1028  _Delay_MS_y_1_3   offset=1
002B   0A??           00329         INCF    (_Delay_MS_y_1_3 + 1),F
                      00330 ;;; /home/sdcc-builder/build/sdcc-build/orig/sdcc/src/pic14/gen.c:2316:resultRemat *{*
                      00331 ;;; /home/sdcc-builder/build/sdcc-build/orig/sdcc/src/pic14/gen.c:2778:genGoto *{*
                      00332 ;; >>> /home/sdcc-builder/build/sdcc-build/orig/sdcc/src/pic14/gen.c:2780:genGoto
                      00333 ;; ***  popGetLabel  key=4, label offset 4
002C   2???           00334         GOTO    _00108_DS_
                      00335 ;;; /home/sdcc-builder/build/sdcc-build/orig/sdcc/src/pic14/gen.c:2316:resultRemat *{*
                      00336 ;;; /home/sdcc-builder/build/sdcc-build/orig/sdcc/src/pic14/gen.c:2760:genLabel *{*
                      00337 ;; ***  genLabel  2763
                      00338 ;;; /home/sdcc-builder/build/sdcc-build/orig/sdcc/src/pic14/gen.c:2316:resultRemat *{*
                      00339 ;; ***  genPlus  611
                      00340 ;;; /home/sdcc-builder/build/sdcc-build/orig/sdcc/src/pic14/genarith.c:612:genPlus *{*
                      00341 ;; ***  aopForSym 315
                      00342 ;;      327 sym->rname = _Delay_MS_x_1_3, size = 2
                      00343 ;;      line = 618 result AOP_DIR=_Delay_MS_x_1_3, size=2, left AOP_DIR=_Delay_MS_x_1_3, size=2, right A
                            OP_LIT=0x01, size=1
                      00344 ;;; /home/sdcc-builder/build/sdcc-build/orig/sdcc/src/pic14/genarith.c:142:genPlusIncr *{*
                      00345 ;; ***  genPlusIncr  144
                      00346 ;;      result AOP_DIR, left AOP_DIR, right AOP_LIT
                      00347 ;;      genPlusIncr  156
                      00348 ;; >>> /home/sdcc-builder/build/sdcc-build/orig/sdcc/src/pic14/genarith.c:168:genPlusIncr
                      00349 ;;      1009
                      00350 ;;      1028  _Delay_MS_x_1_3   offset=0
002D                  00351 _00112_DS_
                      00352         .line   9; "Util.c"     for (x = 0; x <= delay; x++){
002D   ???? ????      00353         BANKSEL _Delay_MS_x_1_3
002F   0A??           00354         INCF    _Delay_MS_x_1_3,F
                      00355 ;; >>> /home/sdcc-builder/build/sdcc-build/orig/sdcc/src/pic14/genarith.c:172:genPlusIncr
0030   1903           00356         BTFSC   STATUS,2
                      00357 ;; >>> /home/sdcc-builder/build/sdcc-build/orig/sdcc/src/pic14/genarith.c:173:genPlusIncr
                      00358 ;;      1009
                      00359 ;;      1028  _Delay_MS_x_1_3   offset=1
gpasm-1.4.0 #1106 (Oct  6 2014) obj\Debug\Uti   8-18-2018  15:23:26         PAGE  8


LOC    OBJECT CODE    LINE  SOURCE TEXT
  VALUE

0031   0A??           00360         INCF    (_Delay_MS_x_1_3 + 1),F
                      00361 ;;; /home/sdcc-builder/build/sdcc-build/orig/sdcc/src/pic14/gen.c:2316:resultRemat *{*
                      00362 ;;; /home/sdcc-builder/build/sdcc-build/orig/sdcc/src/pic14/gen.c:2778:genGoto *{*
                      00363 ;; >>> /home/sdcc-builder/build/sdcc-build/orig/sdcc/src/pic14/gen.c:2780:genGoto
                      00364 ;; ***  popGetLabel  key=7, label offset 4
0032   2???           00365         GOTO    _00111_DS_
                      00366 ;;; /home/sdcc-builder/build/sdcc-build/orig/sdcc/src/pic14/gen.c:2316:resultRemat *{*
                      00367 ;;; /home/sdcc-builder/build/sdcc-build/orig/sdcc/src/pic14/gen.c:2760:genLabel *{*
                      00368 ;; ***  genLabel  2763
                      00369 ;;; /home/sdcc-builder/build/sdcc-build/orig/sdcc/src/pic14/gen.c:2316:resultRemat *{*
                      00370 ;;; /home/sdcc-builder/build/sdcc-build/orig/sdcc/src/pic14/gen.c:2528:genEndFunction *{*
                      00371 ;; ***  genEndFunction  2530
0033                  00372 _00113_DS_
0033   0008           00373         RETURN  
                      00374 ; exit point of _Delay_MS
                      00375 
                      00376 
                      00377 ;       code size estimation:
                      00378 ;          32+   10 =    42 instructions (  104 byte)
                      00379 
                      00380         end
gpasm-1.4.0 #1106 (Oct  6 2014) obj\Debug\Uti   8-18-2018  15:23:26         PAGE  9


SYMBOL TABLE
  LABEL                             VALUE

ACKDT                             00000005
ACKEN                             00000004
ACKSTAT                           00000006
ADCON0                            0000001F
ADCON1                            0000009F
ADCS0                             00000006
ADCS1                             00000007
ADCS2                             00000006
ADDEN                             00000003
ADFM                              00000007
ADIE                              00000006
ADIF                              00000006
ADON                              00000000
ADRESH                            0000001E
ADRESL                            0000009E
BCLIE                             00000003
BCLIF                             00000003
BF                                00000000
BRGH                              00000002
C                                 00000000
C1INV                             00000004
C1OUT                             00000006
C2INV                             00000005
C2OUT                             00000007
CCP1CON                           00000017
CCP1IE                            00000002
CCP1IF                            00000002
CCP1M0                            00000000
CCP1M1                            00000001
CCP1M2                            00000002
CCP1M3                            00000003
CCP1X                             00000005
CCP1Y                             00000004
CCP2CON                           0000001D
CCP2IE                            00000000
CCP2IF                            00000000
CCP2M0                            00000000
CCP2M1                            00000001
CCP2M2                            00000002
CCP2M3                            00000003
CCP2X                             00000005
CCP2Y                             00000004
CCPR1                             00000015
CCPR1H                            00000016
CCPR1L                            00000015
CCPR2                             0000001B
CCPR2H                            0000001C
CCPR2L                            0000001B
CHS0                              00000003
CHS1                              00000004
CHS2                              00000005
CIS                               00000003
CKE                               00000006
gpasm-1.4.0 #1106 (Oct  6 2014) obj\Debug\Uti   8-18-2018  15:23:26         PAGE 10


SYMBOL TABLE
  LABEL                             VALUE 

CKP                               00000004
CM0                               00000000
CM1                               00000001
CM2                               00000002
CMCON                             0000009C
CMIE                              00000006
CMIF                              00000006
CREN                              00000004
CSRC                              00000007
CVR0                              00000000
CVR1                              00000001
CVR2                              00000002
CVR3                              00000003
CVRCON                            0000009D
CVREN                             00000007
CVROE                             00000006
CVRR                              00000005
D                                 00000005
DATA_ADDRESS                      00000005
DC                                00000001
D_A                               00000005
D_NOT_A                           00000005
EEADR                             0000010D
EEADRH                            0000010F
EECON1                            0000018C
EECON2                            0000018D
EEDATA                            0000010C
EEDATH                            0000010E
EEIE                              00000004
EEIF                              00000004
EEPGD                             00000007
F                                 00000001
FERR                              00000002
FSR                               00000004
GCEN                              00000007
GIE                               00000007
GO                                00000002
GO_DONE                           00000002
GO_NOT_DONE                       00000002
I2C_DATA                          00000005
I2C_READ                          00000002
I2C_START                         00000003
I2C_STOP                          00000004
IBF                               00000007
IBOV                              00000005
INDF                              00000000
INTCON                            0000000B
INTE                              00000004
INTEDG                            00000006
INTF                              00000001
IRP                               00000007
NOT_A                             00000005
NOT_ADDRESS                       00000005
gpasm-1.4.0 #1106 (Oct  6 2014) obj\Debug\Uti   8-18-2018  15:23:26         PAGE 11


SYMBOL TABLE
  LABEL                             VALUE 

NOT_BO                            00000000
NOT_BOR                           00000000
NOT_DONE                          00000002
NOT_PD                            00000003
NOT_POR                           00000001
NOT_RBPU                          00000007
NOT_RC8                           00000006
NOT_T1SYNC                        00000002
NOT_TO                            00000004
NOT_TX8                           00000006
NOT_W                             00000002
NOT_WRITE                         00000002
OBF                               00000006
OERR                              00000001
OPTION_REG                        00000081
P                                 00000004
PCFG0                             00000000
PCFG1                             00000001
PCFG2                             00000002
PCFG3                             00000003
PCL                               00000002
PCLATH                            0000000A
PCON                              0000008E
PEIE                              00000006
PEN                               00000002
PIE1                              0000008C
PIE2                              0000008D
PIR1                              0000000C
PIR2                              0000000D
PORTA                             00000005
PORTB                             00000006
PORTC                             00000007
PORTD                             00000008
PORTE                             00000009
PR2                               00000092
PS0                               00000000
PS1                               00000001
PS2                               00000002
PSA                               00000003
PSAVE                             00000000
PSPIE                             00000007
PSPIF                             00000007
PSPMODE                           00000004
R                                 00000002
RA0                               00000000
RA1                               00000001
RA2                               00000002
RA3                               00000003
RA4                               00000004
RA5                               00000005
RB0                               00000000
RB1                               00000001
RB2                               00000002
gpasm-1.4.0 #1106 (Oct  6 2014) obj\Debug\Uti   8-18-2018  15:23:26         PAGE 12


SYMBOL TABLE
  LABEL                             VALUE 

RB3                               00000003
RB4                               00000004
RB5                               00000005
RB6                               00000006
RB7                               00000007
RBIE                              00000003
RBIF                              00000000
RC0                               00000000
RC1                               00000001
RC2                               00000002
RC3                               00000003
RC4                               00000004
RC5                               00000005
RC6                               00000006
RC7                               00000007
RC8_9                             00000006
RC9                               00000006
RCD8                              00000000
RCEN                              00000003
RCIE                              00000005
RCIF                              00000005
RCREG                             0000001A
RCSTA                             00000018
RD                                00000000
RD0                               00000000
RD1                               00000001
RD2                               00000002
RD3                               00000003
RD4                               00000004
RD5                               00000005
RD6                               00000006
RD7                               00000007
RE0                               00000000
RE1                               00000001
RE2                               00000002
READ_WRITE                        00000002
RP0                               00000005
RP1                               00000006
RSEN                              00000001
RX9                               00000006
RX9D                              00000000
R_NOT_W                           00000002
R_W                               00000002
S                                 00000003
SEN                               00000000
SMP                               00000007
SPBRG                             00000099
SPEN                              00000007
SREN                              00000005
SSAVE                             00000000
SSPADD                            00000093
SSPBUF                            00000013
SSPCON                            00000014
gpasm-1.4.0 #1106 (Oct  6 2014) obj\Debug\Uti   8-18-2018  15:23:26         PAGE 13


SYMBOL TABLE
  LABEL                             VALUE 

SSPCON2                           00000091
SSPEN                             00000005
SSPIE                             00000003
SSPIF                             00000003
SSPM0                             00000000
SSPM1                             00000001
SSPM2                             00000002
SSPM3                             00000003
SSPOV                             00000006
SSPSTAT                           00000094
STATUS                            00000003
STK00                             00000000
STK01                             00000000
STK02                             00000000
STK03                             00000000
STK04                             00000000
STK05                             00000000
STK06                             00000000
STK07                             00000000
STK08                             00000000
STK09                             00000000
STK10                             00000000
STK11                             00000000
STK12                             00000000
SYNC                              00000004
T0CS                              00000005
T0IE                              00000005
T0IF                              00000002
T0SE                              00000004
T1CKPS0                           00000004
T1CKPS1                           00000005
T1CON                             00000010
T1INSYNC                          00000002
T1OSCEN                           00000003
T1SYNC                            00000002
T2CKPS0                           00000000
T2CKPS1                           00000001
T2CON                             00000012
TMR0                              00000001
TMR0IE                            00000005
TMR0IF                            00000002
TMR1                              0000000E
TMR1CS                            00000001
TMR1H                             0000000F
TMR1IE                            00000000
TMR1IF                            00000000
TMR1L                             0000000E
TMR1ON                            00000000
TMR2                              00000011
TMR2IE                            00000001
TMR2IF                            00000001
TMR2ON                            00000002
TOUTPS0                           00000003
gpasm-1.4.0 #1106 (Oct  6 2014) obj\Debug\Uti   8-18-2018  15:23:26         PAGE 14


SYMBOL TABLE
  LABEL                             VALUE 

TOUTPS1                           00000004
TOUTPS2                           00000005
TOUTPS3                           00000006
TRISA                             00000085
TRISA0                            00000000
TRISA1                            00000001
TRISA2                            00000002
TRISA3                            00000003
TRISA4                            00000004
TRISA5                            00000005
TRISB                             00000086
TRISB0                            00000000
TRISB1                            00000001
TRISB2                            00000002
TRISB3                            00000003
TRISB4                            00000004
TRISB5                            00000005
TRISB6                            00000006
TRISB7                            00000007
TRISC                             00000087
TRISC0                            00000000
TRISC1                            00000001
TRISC2                            00000002
TRISC3                            00000003
TRISC4                            00000004
TRISC5                            00000005
TRISC6                            00000006
TRISC7                            00000007
TRISD                             00000088
TRISD0                            00000000
TRISD1                            00000001
TRISD2                            00000002
TRISD3                            00000003
TRISD4                            00000004
TRISD5                            00000005
TRISD6                            00000006
TRISD7                            00000007
TRISE                             00000089
TRISE0                            00000000
TRISE1                            00000001
TRISE2                            00000002
TRMT                              00000001
TX8_9                             00000006
TX9                               00000006
TX9D                              00000000
TXD8                              00000000
TXEN                              00000005
TXIE                              00000004
TXIF                              00000004
TXREG                             00000019
TXSTA                             00000098
UA                                00000001
W                                 00000000
gpasm-1.4.0 #1106 (Oct  6 2014) obj\Debug\Uti   8-18-2018  15:23:26         PAGE 15


SYMBOL TABLE
  LABEL                             VALUE 

WCOL                              00000007
WR                                00000001
WREN                              00000002
WRERR                             00000003
WSAVE                             00000000
Z                                 00000002
_00108_DS_                        0000001D
_00111_DS_                        00000009
_00112_DS_                        0000002D
_00113_DS_                        00000033
_00127_DS_                        00000017
_00128_DS_                        00000025
_ADCON0                           00000000
_ADCON0bits                       00000000
_ADCON1                           00000000
_ADCON1bits                       00000000
_ADRESH                           00000000
_ADRESL                           00000000
_BODEN_OFF                        00003FBF
_BODEN_ON                         00003FFF
_BOREN_OFF                        00003FBF
_BOREN_ON                         00003FFF
_CCP1CON                          00000000
_CCP1CONbits                      00000000
_CCP2CON                          00000000
_CCP2CONbits                      00000000
_CCPR1                            00000000
_CCPR1H                           00000000
_CCPR1L                           00000000
_CCPR2                            00000000
_CCPR2H                           00000000
_CCPR2L                           00000000
_CMCON                            00000000
_CMCONbits                        00000000
_CONFIG                           00002007
_CPD_OFF                          00003FFF
_CPD_ON                           00003EFF
_CP_ALL                           00001FFF
_CP_OFF                           00003FFF
_CP_ON                            00001FFF
_CVRCON                           00000000
_CVRCONbits                       00000000
_DEBUG_OFF                        00003FFF
_DEBUG_ON                         000037FF
_DEVID1                           00002006
_Delay_MS                         00000000
_Delay_MS_x_1_3                   00000002
_Delay_MS_y_1_3                   00000004
_EEADR                            00000000
_EEADRH                           00000000
_EECON1                           00000000
_EECON1bits                       00000000
_EECON2                           00000000
gpasm-1.4.0 #1106 (Oct  6 2014) obj\Debug\Uti   8-18-2018  15:23:26         PAGE 16


SYMBOL TABLE
  LABEL                             VALUE 

_EEDATA                           00000000
_EEDATH                           00000000
_FOSC_EXTRC                       00003FFF
_FOSC_HS                          00003FFE
_FOSC_LP                          00003FFC
_FOSC_XT                          00003FFD
_FSR                              00000000
_HS_OSC                           00003FFE
_IDLOC0                           00002000
_IDLOC1                           00002001
_IDLOC2                           00002002
_IDLOC3                           00002003
_INDF                             00000000
_INTCON                           00000000
_INTCONbits                       00000000
_LP_OSC                           00003FFC
_LVP_OFF                          00003F7F
_LVP_ON                           00003FFF
_OPTION_REG                       00000000
_OPTION_REGbits                   00000000
_PCL                              00000000
_PCLATH                           00000000
_PCON                             00000000
_PCONbits                         00000000
_PIE1                             00000000
_PIE1bits                         00000000
_PIE2                             00000000
_PIE2bits                         00000000
_PIR1                             00000000
_PIR1bits                         00000000
_PIR2                             00000000
_PIR2bits                         00000000
_PORTA                            00000000
_PORTAbits                        00000000
_PORTB                            00000000
_PORTBbits                        00000000
_PORTC                            00000000
_PORTCbits                        00000000
_PORTD                            00000000
_PORTDbits                        00000000
_PORTE                            00000000
_PORTEbits                        00000000
_PR2                              00000000
_PWRTE_OFF                        00003FFF
_PWRTE_ON                         00003FF7
_RCREG                            00000000
_RCSTA                            00000000
_RCSTAbits                        00000000
_RC_OSC                           00003FFF
_SPBRG                            00000000
_SSPADD                           00000000
_SSPBUF                           00000000
_SSPCON                           00000000
gpasm-1.4.0 #1106 (Oct  6 2014) obj\Debug\Uti   8-18-2018  15:23:26         PAGE 17


SYMBOL TABLE
  LABEL                             VALUE 

_SSPCON2                          00000000
_SSPCON2bits                      00000000
_SSPCONbits                       00000000
_SSPSTAT                          00000000
_SSPSTATbits                      00000000
_STATUS                           00000000
_STATUSbits                       00000000
_T1CON                            00000000
_T1CONbits                        00000000
_T2CON                            00000000
_T2CONbits                        00000000
_TMR0                             00000000
_TMR1                             00000000
_TMR1H                            00000000
_TMR1L                            00000000
_TMR2                             00000000
_TRISA                            00000000
_TRISAbits                        00000000
_TRISB                            00000000
_TRISBbits                        00000000
_TRISC                            00000000
_TRISCbits                        00000000
_TRISD                            00000000
_TRISDbits                        00000000
_TRISE                            00000000
_TRISEbits                        00000000
_TXREG                            00000000
_TXSTA                            00000000
_TXSTAbits                        00000000
_WDTE_OFF                         00003FFB
_WDTE_ON                          00003FFF
_WDT_OFF                          00003FFB
_WDT_ON                           00003FFF
_WRT_1FOURTH                      00003BFF
_WRT_256                          00003DFF
_WRT_HALF                         000039FF
_WRT_OFF                          00003FFF
_XT_OSC                           00003FFD
__16F877A                         00000001
__CODE_END                        00001FFF
__CODE_START                      00000000
__COMMON_RAM_END                  0000007F
__COMMON_RAM_START                00000070
__EEPROM_END                      000021FF
__EEPROM_START                    00002100
__VECTOR_INT                      00000004
__VECTOR_RESET                    00000000
r0x1004                           00000001
r0x1005                           00000000

Errors   :     0
Warnings :     0 reported,     0 suppressed
Messages :     0 reported,     0 suppressed

